<?xml version="1.0" encoding="UTF-8"?>
<testsuite name="JobTest" tests="7" skipped="0" failures="0" errors="0" timestamp="2016-09-13T20:34:05" hostname="epicodus-90.local" time="0.017">
  <properties/>
  <testcase name="job_testinggetposition_mgr" classname="JobTest" time="0.015"/>
  <testcase name="job_testingGetStartingDate_dateinyyyyMMdd" classname="JobTest" time="0.001"/>
  <testcase name="job_testingGetDescription_fuckit" classname="JobTest" time="0.0"/>
  <testcase name="job_testingConstructor_true" classname="JobTest" time="0.001"/>
  <testcase name="job_testingGetCompany_spark" classname="JobTest" time="0.0"/>
  <testcase name="job_testingGetEndingDate_dateinyyyyMMdd" classname="JobTest" time="0.0"/>
  <testcase name="job_testingGetLocation_here" classname="JobTest" time="0.0"/>
  <system-out><![CDATA[]]></system-out>
  <system-err><![CDATA[]]></system-err>
</testsuite>
